<?xml version="1.0" encoding="UTF-8"?>
<testng-results ignored="0" total="2" passed="1" failed="1" skipped="0">
  <reporter-output>
    <line>
      <![CDATA[launching browser]]>
    </line>
    <line>
      <![CDATA[waiting..]]>
    </line>
    <line>
      <![CDATA[Clicking on Gender Button after Gender Selection..]]>
    </line>
    <line>
      <![CDATA[Clicking on Next Button..]]>
    </line>
    <line>
      <![CDATA[Handling Age DropDown..]]>
    </line>
    <line>
      <![CDATA[Clicking on Next Button..]]>
    </line>
    <line>
      <![CDATA[Entering Pincode..]]>
    </line>
    <line>
      <![CDATA[closing browser]]>
    </line>
    <line>
      <![CDATA[launching browser]]>
    </line>
    <line>
      <![CDATA[waiting..]]>
    </line>
    <line>
      <![CDATA[Clicking on Gender Button after Gender Selection..]]>
    </line>
    <line>
      <![CDATA[Clicking on Next Button..]]>
    </line>
    <line>
      <![CDATA[Handling Age DropDown..]]>
    </line>
    <line>
      <![CDATA[Clicking on Next Button..]]>
    </line>
    <line>
      <![CDATA[Entering Mobile Number..]]>
    </line>
    <line>
      <![CDATA[Clicking on Continue Button..]]>
    </line>
    <line>
      <![CDATA[closing browser]]>
    </line>
  </reporter-output>
  <suite started-at="2024-10-15T14:22:59 IST" name="Default suite" finished-at="2024-10-15T14:26:26 IST" duration-ms="207131">
    <groups>
    </groups>
    <test started-at="2024-10-15T14:22:59 IST" name="Default test" finished-at="2024-10-15T14:26:26 IST" duration-ms="207131">
      <class name="coverFoxTest.TC12345_CoverFox_ValidateErrorMsgs">
        <test-method is-config="true" signature="enterAllDetails()[pri:0, instance:coverFoxTest.TC12345_CoverFox_ValidateErrorMsgs@74ea2410]" started-at="2024-10-15T14:23:00 IST" name="enterAllDetails" finished-at="2024-10-15T14:25:06 IST" duration-ms="126660" status="PASS">
          <reporter-output>
            <line>
              <![CDATA[launching browser]]>
            </line>
            <line>
              <![CDATA[waiting..]]>
            </line>
            <line>
              <![CDATA[Clicking on Gender Button after Gender Selection..]]>
            </line>
            <line>
              <![CDATA[Clicking on Next Button..]]>
            </line>
            <line>
              <![CDATA[Handling Age DropDown..]]>
            </line>
            <line>
              <![CDATA[Clicking on Next Button..]]>
            </line>
          </reporter-output>
        </test-method> <!-- enterAllDetails -->
        <test-method signature="validateMobilenoErrorMsg()[pri:0, instance:coverFoxTest.TC12345_CoverFox_ValidateErrorMsgs@74ea2410]" started-at="2024-10-15T14:25:06 IST" name="validateMobilenoErrorMsg" finished-at="2024-10-15T14:25:09 IST" duration-ms="2945" status="FAIL">
          <exception class="org.openqa.selenium.NoSuchElementException">
            <message>
              <![CDATA[no such element: Unable to locate element: {"method":"xpath","selector":" //div[text()=' Please enter a valid mobile no. ']"}
  (Session info: chrome=129.0.6668.90)
For documentation on this error, please visit: https://www.selenium.dev/documentation/webdriver/troubleshooting/errors#no-such-element-exception
Build info: version: '4.25.0', revision: '8a8aea2337'
System info: os.name: 'Windows 10', os.arch: 'amd64', os.version: '10.0', java.version: '17.0.1'
Driver info: org.openqa.selenium.chrome.ChromeDriver
Command: [37420dbb3f0e74de88e53d107e053368, findElement {value= //div[text()=' Please enter a valid mobile no. '], using=xpath}]
Capabilities {acceptInsecureCerts: false, browserName: chrome, browserVersion: 129.0.6668.90, chrome: {chromedriverVersion: 129.0.6668.91 (b00bc8b76d60..., userDataDir: C:\Users\hp\AppData\Local\T...}, fedcm:accounts: true, goog:chromeOptions: {debuggerAddress: localhost:61667}, networkConnectionEnabled: false, pageLoadStrategy: normal, platformName: windows, proxy: Proxy(), se:cdp: ws://localhost:61667/devtoo..., se:cdpVersion: 129.0.6668.90, setWindowRect: true, strictFileInteractability: false, timeouts: {implicit: 0, pageLoad: 300000, script: 30000}, unhandledPromptBehavior: dismiss and notify, webauthn:extension:credBlob: true, webauthn:extension:largeBlob: true, webauthn:extension:minPinLength: true, webauthn:extension:prf: true, webauthn:virtualAuthenticators: true}
Session ID: 37420dbb3f0e74de88e53d107e053368]]>
            </message>
            <full-stacktrace>
              <![CDATA[org.openqa.selenium.NoSuchElementException: no such element: Unable to locate element: {"method":"xpath","selector":" //div[text()=' Please enter a valid mobile no. ']"}
  (Session info: chrome=129.0.6668.90)
For documentation on this error, please visit: https://www.selenium.dev/documentation/webdriver/troubleshooting/errors#no-such-element-exception
Build info: version: '4.25.0', revision: '8a8aea2337'
System info: os.name: 'Windows 10', os.arch: 'amd64', os.version: '10.0', java.version: '17.0.1'
Driver info: org.openqa.selenium.chrome.ChromeDriver
Command: [37420dbb3f0e74de88e53d107e053368, findElement {value= //div[text()=' Please enter a valid mobile no. '], using=xpath}]
Capabilities {acceptInsecureCerts: false, browserName: chrome, browserVersion: 129.0.6668.90, chrome: {chromedriverVersion: 129.0.6668.91 (b00bc8b76d60..., userDataDir: C:\Users\hp\AppData\Local\T...}, fedcm:accounts: true, goog:chromeOptions: {debuggerAddress: localhost:61667}, networkConnectionEnabled: false, pageLoadStrategy: normal, platformName: windows, proxy: Proxy(), se:cdp: ws://localhost:61667/devtoo..., se:cdpVersion: 129.0.6668.90, setWindowRect: true, strictFileInteractability: false, timeouts: {implicit: 0, pageLoad: 300000, script: 30000}, unhandledPromptBehavior: dismiss and notify, webauthn:extension:credBlob: true, webauthn:extension:largeBlob: true, webauthn:extension:minPinLength: true, webauthn:extension:prf: true, webauthn:virtualAuthenticators: true}
Session ID: 37420dbb3f0e74de88e53d107e053368
at java.base/jdk.internal.reflect.NativeConstructorAccessorImpl.newInstance0(Native Method)
at java.base/jdk.internal.reflect.NativeConstructorAccessorImpl.newInstance(NativeConstructorAccessorImpl.java:77)
at java.base/jdk.internal.reflect.DelegatingConstructorAccessorImpl.newInstance(DelegatingConstructorAccessorImpl.java:45)
at java.base/java.lang.reflect.Constructor.newInstanceWithCaller(Constructor.java:499)
at java.base/java.lang.reflect.Constructor.newInstance(Constructor.java:480)
at org.openqa.selenium.remote.ErrorCodec.decode(ErrorCodec.java:167)
at org.openqa.selenium.remote.codec.w3c.W3CHttpResponseCodec.decode(W3CHttpResponseCodec.java:138)
at org.openqa.selenium.remote.codec.w3c.W3CHttpResponseCodec.decode(W3CHttpResponseCodec.java:50)
at org.openqa.selenium.remote.HttpCommandExecutor.execute(HttpCommandExecutor.java:190)
at org.openqa.selenium.remote.service.DriverCommandExecutor.invokeExecute(DriverCommandExecutor.java:216)
at org.openqa.selenium.remote.service.DriverCommandExecutor.execute(DriverCommandExecutor.java:174)
at org.openqa.selenium.remote.RemoteWebDriver.execute(RemoteWebDriver.java:545)
at org.openqa.selenium.remote.ElementLocation$ElementFinder$2.findElement(ElementLocation.java:165)
at org.openqa.selenium.remote.ElementLocation.findElement(ElementLocation.java:59)
at org.openqa.selenium.remote.RemoteWebDriver.findElement(RemoteWebDriver.java:368)
at org.openqa.selenium.remote.RemoteWebDriver.findElement(RemoteWebDriver.java:362)
at org.openqa.selenium.support.pagefactory.DefaultElementLocator.findElement(DefaultElementLocator.java:68)
at org.openqa.selenium.support.pagefactory.internal.LocatingElementHandler.invoke(LocatingElementHandler.java:38)
at jdk.proxy2/jdk.proxy2.$Proxy13.getText(Unknown Source)
at coverFoxPOM.D_CoverFoxAddressDetailsPage.getMobnoErrorMsg(D_CoverFoxAddressDetailsPage.java:57)
at coverFoxTest.TC12345_CoverFox_ValidateErrorMsgs.validateMobilenoErrorMsg(TC12345_CoverFox_ValidateErrorMsgs.java:96)
at java.base/jdk.internal.reflect.NativeMethodAccessorImpl.invoke0(Native Method)
at java.base/jdk.internal.reflect.NativeMethodAccessorImpl.invoke(NativeMethodAccessorImpl.java:77)
at java.base/jdk.internal.reflect.DelegatingMethodAccessorImpl.invoke(DelegatingMethodAccessorImpl.java:43)
at java.base/java.lang.reflect.Method.invoke(Method.java:568)
at org.testng.internal.invokers.MethodInvocationHelper.invokeMethod(MethodInvocationHelper.java:141)
at org.testng.internal.invokers.TestInvoker.invokeMethod(TestInvoker.java:686)
at org.testng.internal.invokers.TestInvoker.invokeTestMethod(TestInvoker.java:230)
at org.testng.internal.invokers.MethodRunner.runInSequence(MethodRunner.java:63)
at org.testng.internal.invokers.TestInvoker$MethodInvocationAgent.invoke(TestInvoker.java:992)
at org.testng.internal.invokers.TestInvoker.invokeTestMethods(TestInvoker.java:203)
at org.testng.internal.invokers.TestMethodWorker.invokeTestMethods(TestMethodWorker.java:154)
at org.testng.internal.invokers.TestMethodWorker.run(TestMethodWorker.java:134)
at java.base/java.util.ArrayList.forEach(ArrayList.java:1511)
at org.testng.TestRunner.privateRun(TestRunner.java:739)
at org.testng.TestRunner.run(TestRunner.java:614)
at org.testng.SuiteRunner.runTest(SuiteRunner.java:421)
at org.testng.SuiteRunner.runSequentially(SuiteRunner.java:413)
at org.testng.SuiteRunner.privateRun(SuiteRunner.java:373)
at org.testng.SuiteRunner.run(SuiteRunner.java:312)
at org.testng.SuiteRunnerWorker.runSuite(SuiteRunnerWorker.java:52)
at org.testng.SuiteRunnerWorker.run(SuiteRunnerWorker.java:95)
at org.testng.TestNG.runSuitesSequentially(TestNG.java:1274)
at org.testng.TestNG.runSuitesLocally(TestNG.java:1208)
at org.testng.TestNG.runSuites(TestNG.java:1112)
at org.testng.TestNG.run(TestNG.java:1079)
at org.testng.remote.AbstractRemoteTestNG.run(AbstractRemoteTestNG.java:115)
at org.testng.remote.RemoteTestNG.initAndRun(RemoteTestNG.java:293)
at org.testng.remote.RemoteTestNG.main(RemoteTestNG.java:91)
]]>
            </full-stacktrace>
          </exception> <!-- org.openqa.selenium.NoSuchElementException -->
          <reporter-output>
            <line>
              <![CDATA[Entering Pincode..]]>
            </line>
          </reporter-output>
        </test-method> <!-- validateMobilenoErrorMsg -->
        <test-method is-config="true" signature="closeApplication()[pri:0, instance:coverFoxTest.TC12345_CoverFox_ValidateErrorMsgs@74ea2410]" started-at="2024-10-15T14:25:09 IST" name="closeApplication" finished-at="2024-10-15T14:25:11 IST" duration-ms="2181" status="PASS">
          <reporter-output>
            <line>
              <![CDATA[closing browser]]>
            </line>
          </reporter-output>
        </test-method> <!-- closeApplication -->
        <test-method is-config="true" signature="enterAllDetails()[pri:0, instance:coverFoxTest.TC12345_CoverFox_ValidateErrorMsgs@74ea2410]" started-at="2024-10-15T14:25:11 IST" name="enterAllDetails" finished-at="2024-10-15T14:26:10 IST" duration-ms="58780" status="PASS">
          <reporter-output>
            <line>
              <![CDATA[launching browser]]>
            </line>
            <line>
              <![CDATA[waiting..]]>
            </line>
            <line>
              <![CDATA[Clicking on Gender Button after Gender Selection..]]>
            </line>
            <line>
              <![CDATA[Clicking on Next Button..]]>
            </line>
            <line>
              <![CDATA[Handling Age DropDown..]]>
            </line>
            <line>
              <![CDATA[Clicking on Next Button..]]>
            </line>
          </reporter-output>
        </test-method> <!-- enterAllDetails -->
        <test-method signature="validatePincodeErrorMsg()[pri:0, instance:coverFoxTest.TC12345_CoverFox_ValidateErrorMsgs@74ea2410]" started-at="2024-10-15T14:26:10 IST" name="validatePincodeErrorMsg" finished-at="2024-10-15T14:26:12 IST" duration-ms="1533" status="PASS">
          <reporter-output>
            <line>
              <![CDATA[Entering Mobile Number..]]>
            </line>
            <line>
              <![CDATA[Clicking on Continue Button..]]>
            </line>
          </reporter-output>
        </test-method> <!-- validatePincodeErrorMsg -->
        <test-method is-config="true" signature="closeApplication()[pri:0, instance:coverFoxTest.TC12345_CoverFox_ValidateErrorMsgs@74ea2410]" started-at="2024-10-15T14:26:12 IST" name="closeApplication" finished-at="2024-10-15T14:26:26 IST" duration-ms="14718" status="PASS">
          <reporter-output>
            <line>
              <![CDATA[closing browser]]>
            </line>
          </reporter-output>
        </test-method> <!-- closeApplication -->
      </class> <!-- coverFoxTest.TC12345_CoverFox_ValidateErrorMsgs -->
    </test> <!-- Default test -->
  </suite> <!-- Default suite -->
</testng-results>
